2020-11-12 11:20 INFO  * Running on http://0.0.0.0:5000/ (Press CTRL+C to quit)
2020-11-12 11:20 INFO Request body: {"events":[{"type":"message","replyToken":"c56d6c30d07941528e8ef097e8a07d59","source":{"userId":"Uee6224531167e863e3c08504055d6ed2","type":"user"},"timestamp":1605151223718,"mode":"active","message":{"type":"text","id":"13016066133559","text":"run"}}],"destination":"U8ec81edfb39499a39625be8c3e335ce0"}
2020-11-12 11:20 DEBUG Starting new HTTPS connection (1): api.line.me:443
2020-11-12 11:20 DEBUG https://api.line.me:443 "GET /v2/bot/profile/Uee6224531167e863e3c08504055d6ed2 HTTP/1.1" 200 241
2020-11-12 11:20 DEBUG Starting new HTTPS connection (1): api.line.me:443
2020-11-12 11:20 DEBUG https://api.line.me:443 "POST /v2/bot/message/reply HTTP/1.1" 200 22
2020-11-12 11:21 INFO Running job Every 1 minute do job2() (last run: [never], next run: 2020-11-12 11:21:13)
2020-11-12 11:22 INFO Running job Every 1 minute do job2() (last run: 2020-11-12 11:21:14, next run: 2020-11-12 11:22:14)
2020-11-12 11:23 INFO Running job Every 1 minute do job2() (last run: 2020-11-12 11:22:14, next run: 2020-11-12 11:23:14)
2020-11-12 11:24 INFO Running job Every 1 minute do job2() (last run: 2020-11-12 11:23:14, next run: 2020-11-12 11:24:14)
2020-11-12 11:25 INFO Running job Every 1 minute do job2() (last run: 2020-11-12 11:24:14, next run: 2020-11-12 11:25:14)
2020-11-12 11:26 INFO Running job Every 1 minute do job2() (last run: 2020-11-12 11:25:14, next run: 2020-11-12 11:26:14)
2020-11-12 11:27 INFO Running job Every 1 minute do job2() (last run: 2020-11-12 11:26:14, next run: 2020-11-12 11:27:14)
2020-11-12 11:28 INFO Running job Every 1 minute do job2() (last run: 2020-11-12 11:27:14, next run: 2020-11-12 11:28:14)
2020-11-12 11:29 INFO Running job Every 1 minute do job2() (last run: 2020-11-12 11:28:14, next run: 2020-11-12 11:29:14)
2020-11-12 11:30 INFO Running job Every 1 minute do job2() (last run: 2020-11-12 11:29:14, next run: 2020-11-12 11:30:14)
2020-11-12 11:31 INFO Running job Every 1 minute do job2() (last run: 2020-11-12 11:30:14, next run: 2020-11-12 11:31:14)
2020-11-12 11:32 INFO Running job Every 1 minute do job2() (last run: 2020-11-12 11:31:14, next run: 2020-11-12 11:32:14)
2020-11-12 11:33 INFO Running job Every 1 minute do job2() (last run: 2020-11-12 11:32:14, next run: 2020-11-12 11:33:14)
2020-11-12 11:34 INFO Running job Every 1 minute do job2() (last run: 2020-11-12 11:33:14, next run: 2020-11-12 11:34:14)
2020-11-12 11:35 INFO Running job Every 1 minute do job2() (last run: 2020-11-12 11:34:14, next run: 2020-11-12 11:35:14)
2020-11-12 11:36 INFO Running job Every 1 minute do job2() (last run: 2020-11-12 11:35:14, next run: 2020-11-12 11:36:14)
2020-11-12 11:37 INFO Running job Every 1 minute do job2() (last run: 2020-11-12 11:36:14, next run: 2020-11-12 11:37:14)
2020-11-12 11:38 INFO Running job Every 1 minute do job2() (last run: 2020-11-12 11:37:14, next run: 2020-11-12 11:38:14)
2020-11-12 11:39 INFO Running job Every 1 minute do job2() (last run: 2020-11-12 11:38:14, next run: 2020-11-12 11:39:14)
2020-11-12 11:40 INFO Running job Every 1 minute do job2() (last run: 2020-11-12 11:39:14, next run: 2020-11-12 11:40:14)
2020-11-12 11:41 INFO Running job Every 1 minute do job2() (last run: 2020-11-12 11:40:14, next run: 2020-11-12 11:41:14)
2020-11-12 11:42 INFO Running job Every 1 minute do job2() (last run: 2020-11-12 11:41:14, next run: 2020-11-12 11:42:14)
2020-11-12 11:43 INFO Running job Every 1 minute do job2() (last run: 2020-11-12 11:42:14, next run: 2020-11-12 11:43:14)
2020-11-12 11:44 INFO Running job Every 1 minute do job2() (last run: 2020-11-12 11:43:14, next run: 2020-11-12 11:44:14)
2020-11-12 11:44 INFO Request body: {"events":[{"type":"message","replyToken":"ddbed07a2aa04129bb2abd695c4c5a17","source":{"groupId":"Caa547d0a89e353969160556a34444c64","userId":"U3c77f40434fa99e97e2f6e9cfb6ff0f6","type":"group"},"timestamp":1605152691458,"mode":"active","message":{"type":"text","id":"13016180968112","text":"做沒做過的事叫成長。\n做不敢做的事叫勇敢。\n做不想做的事叫突破！\n\n每天進步一點，加油\uD83C\uDF37"}}],"destination":"U8ec81edfb39499a39625be8c3e335ce0"}
2020-11-12 11:44 INFO 127.0.0.1 - - [12/Nov/2020 11:44:51] "[37mPOST /callback HTTP/1.1[0m" 200 -
2020-11-12 11:45 INFO Running job Every 1 minute do job2() (last run: 2020-11-12 11:44:14, next run: 2020-11-12 11:45:14)
2020-11-12 11:46 INFO Running job Every 1 minute do job2() (last run: 2020-11-12 11:45:14, next run: 2020-11-12 11:46:14)
2020-11-12 11:47 INFO Running job Every 1 minute do job2() (last run: 2020-11-12 11:46:14, next run: 2020-11-12 11:47:14)
2020-11-12 11:48 INFO Running job Every 1 minute do job2() (last run: 2020-11-12 11:47:14, next run: 2020-11-12 11:48:14)
2020-11-12 11:49 INFO Running job Every 1 minute do job2() (last run: 2020-11-12 11:48:14, next run: 2020-11-12 11:49:14)
2020-11-12 11:50 INFO Running job Every 1 minute do job2() (last run: 2020-11-12 11:49:14, next run: 2020-11-12 11:50:14)
2020-11-12 11:51 INFO Running job Every 1 minute do job2() (last run: 2020-11-12 11:50:14, next run: 2020-11-12 11:51:14)
2020-11-12 11:52 INFO Running job Every 1 minute do job2() (last run: 2020-11-12 11:51:14, next run: 2020-11-12 11:52:14)
2020-11-12 11:53 INFO Running job Every 1 minute do job2() (last run: 2020-11-12 11:52:14, next run: 2020-11-12 11:53:14)
2020-11-12 11:54 INFO Running job Every 1 minute do job2() (last run: 2020-11-12 11:53:14, next run: 2020-11-12 11:54:14)
2020-11-12 11:55 INFO Running job Every 1 minute do job2() (last run: 2020-11-12 11:54:14, next run: 2020-11-12 11:55:14)
2020-11-12 11:56 INFO Running job Every 1 minute do job2() (last run: 2020-11-12 11:55:14, next run: 2020-11-12 11:56:14)
2020-11-12 11:57 INFO Running job Every 1 minute do job2() (last run: 2020-11-12 11:56:14, next run: 2020-11-12 11:57:14)
2020-11-12 11:58 INFO Running job Every 1 minute do job2() (last run: 2020-11-12 11:57:14, next run: 2020-11-12 11:58:14)
2020-11-12 11:59 INFO Running job Every 1 minute do job2() (last run: 2020-11-12 11:58:14, next run: 2020-11-12 11:59:14)
2020-11-12 12:00 INFO Running job Every 1 minute do job2() (last run: 2020-11-12 11:59:14, next run: 2020-11-12 12:00:14)
2020-11-12 12:01 INFO Running job Every 1 minute do job2() (last run: 2020-11-12 12:00:14, next run: 2020-11-12 12:01:14)
2020-11-12 12:02 INFO Running job Every 1 minute do job2() (last run: 2020-11-12 12:01:14, next run: 2020-11-12 12:02:14)
2020-11-12 12:03 INFO Running job Every 1 minute do job2() (last run: 2020-11-12 12:02:14, next run: 2020-11-12 12:03:14)
2020-11-12 12:04 INFO Running job Every 1 minute do job2() (last run: 2020-11-12 12:03:14, next run: 2020-11-12 12:04:14)
2020-11-12 12:05 INFO Running job Every 1 minute do job2() (last run: 2020-11-12 12:04:14, next run: 2020-11-12 12:05:14)
2020-11-12 12:06 INFO Running job Every 1 minute do job2() (last run: 2020-11-12 12:05:14, next run: 2020-11-12 12:06:14)
2020-11-12 12:07 INFO Running job Every 1 minute do job2() (last run: 2020-11-12 12:06:14, next run: 2020-11-12 12:07:14)
2020-11-12 12:08 INFO Running job Every 1 minute do job2() (last run: 2020-11-12 12:07:14, next run: 2020-11-12 12:08:14)
2020-11-12 12:09 INFO Running job Every 1 minute do job2() (last run: 2020-11-12 12:08:14, next run: 2020-11-12 12:09:14)
2020-11-12 12:10 INFO Running job Every 1 minute do job2() (last run: 2020-11-12 12:09:14, next run: 2020-11-12 12:10:14)
2020-11-12 12:11 INFO Running job Every 1 minute do job2() (last run: 2020-11-12 12:10:14, next run: 2020-11-12 12:11:14)
2020-11-12 12:12 INFO Running job Every 1 minute do job2() (last run: 2020-11-12 12:11:14, next run: 2020-11-12 12:12:14)
2020-11-12 12:13 INFO Running job Every 1 minute do job2() (last run: 2020-11-12 12:12:14, next run: 2020-11-12 12:13:14)
2020-11-12 12:13 INFO Request body: {"events":[{"type":"message","replyToken":"1b91b2350e8b47adac5f760e9b610856","source":{"groupId":"Caa547d0a89e353969160556a34444c64","userId":"Ud53b3d6499b386bda15f8d7885bffbd6","type":"group"},"timestamp":1605154418384,"mode":"active","message":{"type":"sticker","id":"13016313974697","stickerId":"114","packageId":"1","stickerResourceType":"STATIC"}}],"destination":"U8ec81edfb39499a39625be8c3e335ce0"}
2020-11-12 12:13 INFO No handler of MessageEvent and no default handler
2020-11-12 12:13 INFO 127.0.0.1 - - [12/Nov/2020 12:13:38] "[37mPOST /callback HTTP/1.1[0m" 200 -
2020-11-12 12:14 INFO Running job Every 1 minute do job2() (last run: 2020-11-12 12:13:14, next run: 2020-11-12 12:14:14)
2020-11-12 12:14 INFO Request body: {"events":[{"type":"message","replyToken":"27b6b1fb84df48fcb7ddb6090da7701b","source":{"groupId":"Caa547d0a89e353969160556a34444c64","userId":"U303f63e68271ce9f3bec1e589d0d707b","type":"group"},"timestamp":1605154481382,"mode":"active","message":{"type":"sticker","id":"13016318650237","stickerId":"68066002","packageId":"4224849","stickerResourceType":"STATIC"}}],"destination":"U8ec81edfb39499a39625be8c3e335ce0"}
2020-11-12 12:14 INFO No handler of MessageEvent and no default handler
2020-11-12 12:14 INFO 127.0.0.1 - - [12/Nov/2020 12:14:41] "[37mPOST /callback HTTP/1.1[0m" 200 -
2020-11-12 12:15 INFO Running job Every 1 minute do job2() (last run: 2020-11-12 12:14:14, next run: 2020-11-12 12:15:14)
2020-11-12 12:16 INFO Running job Every 1 minute do job2() (last run: 2020-11-12 12:15:14, next run: 2020-11-12 12:16:14)
2020-11-12 12:17 INFO Running job Every 1 minute do job2() (last run: 2020-11-12 12:16:14, next run: 2020-11-12 12:17:14)
2020-11-12 12:18 INFO Running job Every 1 minute do job2() (last run: 2020-11-12 12:17:14, next run: 2020-11-12 12:18:14)
2020-11-12 12:19 INFO Running job Every 1 minute do job2() (last run: 2020-11-12 12:18:14, next run: 2020-11-12 12:19:14)
2020-11-12 12:20 INFO Running job Every 1 minute do job2() (last run: 2020-11-12 12:19:14, next run: 2020-11-12 12:20:14)
2020-11-12 12:21 INFO Running job Every 1 minute do job2() (last run: 2020-11-12 12:20:14, next run: 2020-11-12 12:21:14)
2020-11-12 12:22 INFO Running job Every 1 minute do job2() (last run: 2020-11-12 12:21:14, next run: 2020-11-12 12:22:14)
2020-11-12 12:23 INFO Running job Every 1 minute do job2() (last run: 2020-11-12 12:22:14, next run: 2020-11-12 12:23:14)
2020-11-12 12:24 INFO Running job Every 1 minute do job2() (last run: 2020-11-12 12:23:14, next run: 2020-11-12 12:24:14)
2020-11-12 12:25 INFO Running job Every 1 minute do job2() (last run: 2020-11-12 12:24:14, next run: 2020-11-12 12:25:14)
2020-11-12 12:26 INFO Running job Every 1 minute do job2() (last run: 2020-11-12 12:25:14, next run: 2020-11-12 12:26:14)
2020-11-12 12:27 INFO Running job Every 1 minute do job2() (last run: 2020-11-12 12:26:14, next run: 2020-11-12 12:27:14)
2020-11-12 12:28 INFO Running job Every 1 minute do job2() (last run: 2020-11-12 12:27:14, next run: 2020-11-12 12:28:14)
2020-11-12 12:29 INFO Running job Every 1 minute do job2() (last run: 2020-11-12 12:28:14, next run: 2020-11-12 12:29:14)
2020-11-12 12:30 INFO Running job Every 1 minute do job2() (last run: 2020-11-12 12:29:14, next run: 2020-11-12 12:30:14)
2020-11-12 12:31 INFO Running job Every 1 minute do job2() (last run: 2020-11-12 12:30:14, next run: 2020-11-12 12:31:14)
2020-11-12 12:32 INFO Running job Every 1 minute do job2() (last run: 2020-11-12 12:31:14, next run: 2020-11-12 12:32:14)
2020-11-12 12:33 INFO Running job Every 1 minute do job2() (last run: 2020-11-12 12:32:14, next run: 2020-11-12 12:33:14)
2020-11-12 12:34 INFO Running job Every 1 minute do job2() (last run: 2020-11-12 12:33:14, next run: 2020-11-12 12:34:14)
2020-11-12 12:35 INFO Running job Every 1 minute do job2() (last run: 2020-11-12 12:34:14, next run: 2020-11-12 12:35:14)
2020-11-12 12:36 INFO Running job Every 1 minute do job2() (last run: 2020-11-12 12:35:14, next run: 2020-11-12 12:36:14)
2020-11-12 12:37 INFO Running job Every 1 minute do job2() (last run: 2020-11-12 12:36:14, next run: 2020-11-12 12:37:14)
2020-11-12 12:38 INFO Running job Every 1 minute do job2() (last run: 2020-11-12 12:37:14, next run: 2020-11-12 12:38:14)
2020-11-12 12:39 INFO Running job Every 1 minute do job2() (last run: 2020-11-12 12:38:14, next run: 2020-11-12 12:39:14)
2020-11-12 12:40 INFO Running job Every 1 minute do job2() (last run: 2020-11-12 12:39:14, next run: 2020-11-12 12:40:14)
2020-11-12 12:41 INFO Running job Every 1 minute do job2() (last run: 2020-11-12 12:40:14, next run: 2020-11-12 12:41:14)
2020-11-12 12:42 INFO Running job Every 1 minute do job2() (last run: 2020-11-12 12:41:14, next run: 2020-11-12 12:42:14)
2020-11-12 12:43 INFO Running job Every 1 minute do job2() (last run: 2020-11-12 12:42:14, next run: 2020-11-12 12:43:14)
2020-11-12 12:44 INFO Running job Every 1 minute do job2() (last run: 2020-11-12 12:43:14, next run: 2020-11-12 12:44:14)
2020-11-12 12:45 INFO Running job Every 1 minute do job2() (last run: 2020-11-12 12:44:14, next run: 2020-11-12 12:45:14)
2020-11-12 12:46 INFO Running job Every 1 minute do job2() (last run: 2020-11-12 12:45:14, next run: 2020-11-12 12:46:14)
2020-11-12 12:47 INFO Running job Every 1 minute do job2() (last run: 2020-11-12 12:46:14, next run: 2020-11-12 12:47:14)
2020-11-12 12:48 INFO Running job Every 1 minute do job2() (last run: 2020-11-12 12:47:14, next run: 2020-11-12 12:48:14)
2020-11-12 12:49 INFO Running job Every 1 minute do job2() (last run: 2020-11-12 12:48:14, next run: 2020-11-12 12:49:14)
2020-11-12 12:50 INFO Running job Every 1 minute do job2() (last run: 2020-11-12 12:49:14, next run: 2020-11-12 12:50:14)
2020-11-12 12:51 INFO Running job Every 1 minute do job2() (last run: 2020-11-12 12:50:14, next run: 2020-11-12 12:51:14)
2020-11-12 12:52 INFO Running job Every 1 minute do job2() (last run: 2020-11-12 12:51:14, next run: 2020-11-12 12:52:14)
2020-11-12 12:53 INFO Running job Every 1 minute do job2() (last run: 2020-11-12 12:52:14, next run: 2020-11-12 12:53:14)
2020-11-12 12:54 INFO Running job Every 1 minute do job2() (last run: 2020-11-12 12:53:14, next run: 2020-11-12 12:54:14)
2020-11-12 12:55 INFO Running job Every 1 minute do job2() (last run: 2020-11-12 12:54:14, next run: 2020-11-12 12:55:14)
2020-11-12 12:56 INFO Running job Every 1 minute do job2() (last run: 2020-11-12 12:55:14, next run: 2020-11-12 12:56:14)
2020-11-12 12:57 INFO Running job Every 1 minute do job2() (last run: 2020-11-12 12:56:14, next run: 2020-11-12 12:57:14)
2020-11-12 12:58 INFO Running job Every 1 minute do job2() (last run: 2020-11-12 12:57:14, next run: 2020-11-12 12:58:14)
2020-11-12 12:59 INFO Running job Every 1 minute do job2() (last run: 2020-11-12 12:58:14, next run: 2020-11-12 12:59:14)
2020-11-12 13:00 INFO Running job Every 1 minute do job2() (last run: 2020-11-12 12:59:14, next run: 2020-11-12 13:00:14)
2020-11-12 13:01 INFO Running job Every 1 minute do job2() (last run: 2020-11-12 13:00:14, next run: 2020-11-12 13:01:14)
2020-11-12 13:02 INFO Running job Every 1 minute do job2() (last run: 2020-11-12 13:01:14, next run: 2020-11-12 13:02:14)
2020-11-12 13:03 INFO Running job Every 1 minute do job2() (last run: 2020-11-12 13:02:14, next run: 2020-11-12 13:03:14)
2020-11-12 13:04 INFO Running job Every 1 minute do job2() (last run: 2020-11-12 13:03:14, next run: 2020-11-12 13:04:14)
2020-11-12 13:05 INFO Running job Every 1 minute do job2() (last run: 2020-11-12 13:04:14, next run: 2020-11-12 13:05:14)
2020-11-12 13:06 INFO Running job Every 1 minute do job2() (last run: 2020-11-12 13:05:14, next run: 2020-11-12 13:06:14)
2020-11-12 13:07 INFO Running job Every 1 minute do job2() (last run: 2020-11-12 13:06:14, next run: 2020-11-12 13:07:14)
2020-11-12 13:08 INFO Running job Every 1 minute do job2() (last run: 2020-11-12 13:07:14, next run: 2020-11-12 13:08:14)
2020-11-12 13:09 INFO Running job Every 1 minute do job2() (last run: 2020-11-12 13:08:14, next run: 2020-11-12 13:09:14)
2020-11-12 13:10 INFO Running job Every 1 minute do job2() (last run: 2020-11-12 13:09:14, next run: 2020-11-12 13:10:14)
2020-11-12 13:11 INFO Running job Every 1 minute do job2() (last run: 2020-11-12 13:10:14, next run: 2020-11-12 13:11:14)
2020-11-12 13:12 INFO Running job Every 1 minute do job2() (last run: 2020-11-12 13:11:14, next run: 2020-11-12 13:12:14)
2020-11-12 13:13 INFO Running job Every 1 minute do job2() (last run: 2020-11-12 13:12:14, next run: 2020-11-12 13:13:14)
2020-11-12 13:14 INFO Running job Every 1 minute do job2() (last run: 2020-11-12 13:13:14, next run: 2020-11-12 13:14:14)
2020-11-12 13:15 INFO Running job Every 1 minute do job2() (last run: 2020-11-12 13:14:14, next run: 2020-11-12 13:15:14)
2020-11-12 13:16 INFO Running job Every 1 minute do job2() (last run: 2020-11-12 13:15:14, next run: 2020-11-12 13:16:14)
2020-11-12 13:17 INFO Running job Every 1 minute do job2() (last run: 2020-11-12 13:16:14, next run: 2020-11-12 13:17:14)
2020-11-12 13:18 INFO Running job Every 1 minute do job2() (last run: 2020-11-12 13:17:14, next run: 2020-11-12 13:18:14)
2020-11-12 13:19 INFO Running job Every 1 minute do job2() (last run: 2020-11-12 13:18:14, next run: 2020-11-12 13:19:14)
2020-11-12 13:20 INFO Running job Every 1 minute do job2() (last run: 2020-11-12 13:19:14, next run: 2020-11-12 13:20:14)
2020-11-12 13:21 INFO Running job Every 1 minute do job2() (last run: 2020-11-12 13:20:14, next run: 2020-11-12 13:21:14)
2020-11-12 13:22 INFO Running job Every 1 minute do job2() (last run: 2020-11-12 13:21:14, next run: 2020-11-12 13:22:14)
2020-11-12 13:23 INFO Running job Every 1 minute do job2() (last run: 2020-11-12 13:22:14, next run: 2020-11-12 13:23:14)
2020-11-12 13:24 INFO Running job Every 1 minute do job2() (last run: 2020-11-12 13:23:14, next run: 2020-11-12 13:24:14)
2020-11-12 13:25 INFO Running job Every 1 minute do job2() (last run: 2020-11-12 13:24:14, next run: 2020-11-12 13:25:14)
2020-11-12 13:26 INFO Running job Every 1 minute do job2() (last run: 2020-11-12 13:25:14, next run: 2020-11-12 13:26:14)
2020-11-12 13:27 INFO Running job Every 1 minute do job2() (last run: 2020-11-12 13:26:14, next run: 2020-11-12 13:27:14)
2020-11-12 13:28 INFO Running job Every 1 minute do job2() (last run: 2020-11-12 13:27:14, next run: 2020-11-12 13:28:14)
2020-11-12 13:29 INFO Running job Every 1 minute do job2() (last run: 2020-11-12 13:28:14, next run: 2020-11-12 13:29:14)
2020-11-12 13:30 INFO Running job Every 1 minute do job2() (last run: 2020-11-12 13:29:15, next run: 2020-11-12 13:30:15)
2020-11-12 13:31 INFO Running job Every 1 minute do job2() (last run: 2020-11-12 13:30:15, next run: 2020-11-12 13:31:15)
2020-11-12 13:32 INFO Running job Every 1 minute do job2() (last run: 2020-11-12 13:31:15, next run: 2020-11-12 13:32:15)
2020-11-12 13:33 INFO Running job Every 1 minute do job2() (last run: 2020-11-12 13:32:15, next run: 2020-11-12 13:33:15)
2020-11-12 13:34 INFO Running job Every 1 minute do job2() (last run: 2020-11-12 13:33:15, next run: 2020-11-12 13:34:15)
2020-11-12 13:35 INFO Running job Every 1 minute do job2() (last run: 2020-11-12 13:34:15, next run: 2020-11-12 13:35:15)
2020-11-12 13:36 INFO Running job Every 1 minute do job2() (last run: 2020-11-12 13:35:15, next run: 2020-11-12 13:36:15)
2020-11-12 13:37 INFO Running job Every 1 minute do job2() (last run: 2020-11-12 13:36:15, next run: 2020-11-12 13:37:15)
2020-11-12 13:38 INFO Running job Every 1 minute do job2() (last run: 2020-11-12 13:37:15, next run: 2020-11-12 13:38:15)
2020-11-12 13:39 INFO Running job Every 1 minute do job2() (last run: 2020-11-12 13:38:15, next run: 2020-11-12 13:39:15)
2020-11-12 13:40 INFO Running job Every 1 minute do job2() (last run: 2020-11-12 13:39:15, next run: 2020-11-12 13:40:15)
2020-11-12 13:41 INFO Running job Every 1 minute do job2() (last run: 2020-11-12 13:40:15, next run: 2020-11-12 13:41:15)
2020-11-12 13:42 INFO Running job Every 1 minute do job2() (last run: 2020-11-12 13:41:15, next run: 2020-11-12 13:42:15)
2020-11-12 13:43 INFO Running job Every 1 minute do job2() (last run: 2020-11-12 13:42:15, next run: 2020-11-12 13:43:15)
2020-11-12 13:44 INFO Running job Every 1 minute do job2() (last run: 2020-11-12 13:43:15, next run: 2020-11-12 13:44:15)
2020-11-12 13:45 INFO Running job Every 1 minute do job2() (last run: 2020-11-12 13:44:15, next run: 2020-11-12 13:45:15)
2020-11-12 13:46 INFO Running job Every 1 minute do job2() (last run: 2020-11-12 13:45:15, next run: 2020-11-12 13:46:15)
2020-11-12 13:47 INFO Running job Every 1 minute do job2() (last run: 2020-11-12 13:46:15, next run: 2020-11-12 13:47:15)
2020-11-12 13:48 INFO Running job Every 1 minute do job2() (last run: 2020-11-12 13:47:15, next run: 2020-11-12 13:48:15)
2020-11-12 13:49 INFO Running job Every 1 minute do job2() (last run: 2020-11-12 13:48:15, next run: 2020-11-12 13:49:15)
2020-11-12 13:50 INFO Running job Every 1 minute do job2() (last run: 2020-11-12 13:49:15, next run: 2020-11-12 13:50:15)
2020-11-12 13:51 INFO Running job Every 1 minute do job2() (last run: 2020-11-12 13:50:15, next run: 2020-11-12 13:51:15)
2020-11-12 13:52 INFO Running job Every 1 minute do job2() (last run: 2020-11-12 13:51:15, next run: 2020-11-12 13:52:15)
2020-11-12 13:53 INFO Running job Every 1 minute do job2() (last run: 2020-11-12 13:52:15, next run: 2020-11-12 13:53:15)
2020-11-12 13:54 INFO Running job Every 1 minute do job2() (last run: 2020-11-12 13:53:15, next run: 2020-11-12 13:54:15)
2020-11-12 13:55 INFO Running job Every 1 minute do job2() (last run: 2020-11-12 13:54:15, next run: 2020-11-12 13:55:15)
2020-11-12 13:56 INFO Running job Every 1 minute do job2() (last run: 2020-11-12 13:55:15, next run: 2020-11-12 13:56:15)
2020-11-12 13:57 INFO Running job Every 1 minute do job2() (last run: 2020-11-12 13:56:16, next run: 2020-11-12 13:57:16)
2020-11-12 13:58 INFO Running job Every 1 minute do job2() (last run: 2020-11-12 13:57:16, next run: 2020-11-12 13:58:16)
2020-11-12 13:59 INFO Running job Every 1 minute do job2() (last run: 2020-11-12 13:58:16, next run: 2020-11-12 13:59:16)
2020-11-12 14:00 INFO Running job Every 1 minute do job2() (last run: 2020-11-12 13:59:16, next run: 2020-11-12 14:00:16)
2020-11-12 14:01 INFO Running job Every 1 minute do job2() (last run: 2020-11-12 14:00:16, next run: 2020-11-12 14:01:16)
2020-11-12 14:02 INFO Running job Every 1 minute do job2() (last run: 2020-11-12 14:01:16, next run: 2020-11-12 14:02:16)
2020-11-12 14:03 INFO Running job Every 1 minute do job2() (last run: 2020-11-12 14:02:16, next run: 2020-11-12 14:03:16)
2020-11-12 14:04 INFO Running job Every 1 minute do job2() (last run: 2020-11-12 14:03:16, next run: 2020-11-12 14:04:16)
2020-11-12 14:05 INFO Running job Every 1 minute do job2() (last run: 2020-11-12 14:04:16, next run: 2020-11-12 14:05:16)
2020-11-12 14:06 INFO Running job Every 1 minute do job2() (last run: 2020-11-12 14:05:16, next run: 2020-11-12 14:06:16)
2020-11-12 14:07 INFO Running job Every 1 minute do job2() (last run: 2020-11-12 14:06:16, next run: 2020-11-12 14:07:16)
2020-11-12 14:08 INFO Running job Every 1 minute do job2() (last run: 2020-11-12 14:07:16, next run: 2020-11-12 14:08:16)
2020-11-12 14:09 INFO Running job Every 1 minute do job2() (last run: 2020-11-12 14:08:16, next run: 2020-11-12 14:09:16)
2020-11-12 14:10 INFO Running job Every 1 minute do job2() (last run: 2020-11-12 14:09:16, next run: 2020-11-12 14:10:16)
2020-11-12 14:11 INFO Running job Every 1 minute do job2() (last run: 2020-11-12 14:10:16, next run: 2020-11-12 14:11:16)
2020-11-12 14:12 INFO Running job Every 1 minute do job2() (last run: 2020-11-12 14:11:16, next run: 2020-11-12 14:12:16)
2020-11-12 14:13 INFO Running job Every 1 minute do job2() (last run: 2020-11-12 14:12:16, next run: 2020-11-12 14:13:16)
2020-11-12 14:14 INFO Running job Every 1 minute do job2() (last run: 2020-11-12 14:13:16, next run: 2020-11-12 14:14:16)
2020-11-12 14:15 INFO Running job Every 1 minute do job2() (last run: 2020-11-12 14:14:16, next run: 2020-11-12 14:15:16)
2020-11-12 14:16 INFO Running job Every 1 minute do job2() (last run: 2020-11-12 14:15:16, next run: 2020-11-12 14:16:16)
2020-11-12 14:17 INFO Running job Every 1 minute do job2() (last run: 2020-11-12 14:16:16, next run: 2020-11-12 14:17:16)
2020-11-12 14:18 INFO Running job Every 1 minute do job2() (last run: 2020-11-12 14:17:16, next run: 2020-11-12 14:18:16)
2020-11-12 14:19 INFO Running job Every 1 minute do job2() (last run: 2020-11-12 14:18:16, next run: 2020-11-12 14:19:16)
2020-11-12 14:20 INFO Running job Every 1 minute do job2() (last run: 2020-11-12 14:19:16, next run: 2020-11-12 14:20:16)
2020-11-12 14:21 INFO Running job Every 1 minute do job2() (last run: 2020-11-12 14:20:16, next run: 2020-11-12 14:21:16)
2020-11-12 14:22 INFO Running job Every 1 minute do job2() (last run: 2020-11-12 14:21:16, next run: 2020-11-12 14:22:16)
2020-11-12 14:23 INFO Running job Every 1 minute do job2() (last run: 2020-11-12 14:22:16, next run: 2020-11-12 14:23:16)
2020-11-12 14:24 INFO Running job Every 1 minute do job2() (last run: 2020-11-12 14:23:16, next run: 2020-11-12 14:24:16)
2020-11-12 14:25 INFO Running job Every 1 minute do job2() (last run: 2020-11-12 14:24:16, next run: 2020-11-12 14:25:16)
2020-11-12 14:26 INFO Running job Every 1 minute do job2() (last run: 2020-11-12 14:25:16, next run: 2020-11-12 14:26:16)
2020-11-12 14:27 INFO Running job Every 1 minute do job2() (last run: 2020-11-12 14:26:16, next run: 2020-11-12 14:27:16)
2020-11-12 14:28 INFO Running job Every 1 minute do job2() (last run: 2020-11-12 14:27:16, next run: 2020-11-12 14:28:16)
2020-11-12 14:29 INFO Running job Every 1 minute do job2() (last run: 2020-11-12 14:28:16, next run: 2020-11-12 14:29:16)
2020-11-12 14:30 INFO Running job Every 1 minute do job2() (last run: 2020-11-12 14:29:16, next run: 2020-11-12 14:30:16)
2020-11-12 14:31 INFO Running job Every 1 minute do job2() (last run: 2020-11-12 14:30:16, next run: 2020-11-12 14:31:16)
2020-11-12 14:32 INFO Running job Every 1 minute do job2() (last run: 2020-11-12 14:31:16, next run: 2020-11-12 14:32:16)
2020-11-12 14:33 INFO Running job Every 1 minute do job2() (last run: 2020-11-12 14:32:16, next run: 2020-11-12 14:33:16)
2020-11-12 14:34 INFO Running job Every 1 minute do job2() (last run: 2020-11-12 14:33:16, next run: 2020-11-12 14:34:16)
2020-11-12 14:35 INFO Running job Every 1 minute do job2() (last run: 2020-11-12 14:34:16, next run: 2020-11-12 14:35:16)
2020-11-12 14:36 INFO Running job Every 1 minute do job2() (last run: 2020-11-12 14:35:16, next run: 2020-11-12 14:36:16)
2020-11-12 14:37 INFO Running job Every 1 minute do job2() (last run: 2020-11-12 14:36:16, next run: 2020-11-12 14:37:16)
2020-11-12 14:38 INFO Running job Every 1 minute do job2() (last run: 2020-11-12 14:37:16, next run: 2020-11-12 14:38:16)
2020-11-12 14:39 INFO Running job Every 1 minute do job2() (last run: 2020-11-12 14:38:16, next run: 2020-11-12 14:39:16)
2020-11-12 14:40 INFO Running job Every 1 minute do job2() (last run: 2020-11-12 14:39:16, next run: 2020-11-12 14:40:16)
2020-11-12 14:41 INFO Running job Every 1 minute do job2() (last run: 2020-11-12 14:40:16, next run: 2020-11-12 14:41:16)
2020-11-12 14:42 INFO Running job Every 1 minute do job2() (last run: 2020-11-12 14:41:16, next run: 2020-11-12 14:42:16)
2020-11-12 14:43 INFO Running job Every 1 minute do job2() (last run: 2020-11-12 14:42:16, next run: 2020-11-12 14:43:16)
2020-11-12 14:44 INFO Running job Every 1 minute do job2() (last run: 2020-11-12 14:43:16, next run: 2020-11-12 14:44:16)
2020-11-12 14:45 INFO Running job Every 1 minute do job2() (last run: 2020-11-12 14:44:16, next run: 2020-11-12 14:45:16)
2020-11-12 14:46 INFO Running job Every 1 minute do job2() (last run: 2020-11-12 14:45:16, next run: 2020-11-12 14:46:16)
2020-11-12 14:47 INFO Running job Every 1 minute do job2() (last run: 2020-11-12 14:46:16, next run: 2020-11-12 14:47:16)
2020-11-12 14:48 INFO Running job Every 1 minute do job2() (last run: 2020-11-12 14:47:16, next run: 2020-11-12 14:48:16)
2020-11-12 14:49 INFO Running job Every 1 minute do job2() (last run: 2020-11-12 14:48:16, next run: 2020-11-12 14:49:16)
2020-11-12 14:50 INFO Running job Every 1 minute do job2() (last run: 2020-11-12 14:49:16, next run: 2020-11-12 14:50:16)
2020-11-12 14:51 INFO Running job Every 1 minute do job2() (last run: 2020-11-12 14:50:16, next run: 2020-11-12 14:51:16)
2020-11-12 14:52 INFO Running job Every 1 minute do job2() (last run: 2020-11-12 14:51:16, next run: 2020-11-12 14:52:16)
2020-11-12 14:53 INFO Running job Every 1 minute do job2() (last run: 2020-11-12 14:52:16, next run: 2020-11-12 14:53:16)
2020-11-12 14:54 INFO Running job Every 1 minute do job2() (last run: 2020-11-12 14:53:16, next run: 2020-11-12 14:54:16)
2020-11-12 14:55 INFO Running job Every 1 minute do job2() (last run: 2020-11-12 14:54:16, next run: 2020-11-12 14:55:16)
2020-11-12 14:56 INFO Running job Every 1 minute do job2() (last run: 2020-11-12 14:55:16, next run: 2020-11-12 14:56:16)
2020-11-12 14:57 INFO Running job Every 1 minute do job2() (last run: 2020-11-12 14:56:16, next run: 2020-11-12 14:57:16)
2020-11-12 14:58 INFO Running job Every 1 minute do job2() (last run: 2020-11-12 14:57:16, next run: 2020-11-12 14:58:16)
2020-11-12 14:59 INFO Running job Every 1 minute do job2() (last run: 2020-11-12 14:58:16, next run: 2020-11-12 14:59:16)
2020-11-12 15:00 INFO Running job Every 1 minute do job2() (last run: 2020-11-12 14:59:16, next run: 2020-11-12 15:00:16)
2020-11-12 15:01 INFO Running job Every 1 minute do job2() (last run: 2020-11-12 15:00:16, next run: 2020-11-12 15:01:16)
2020-11-12 15:02 INFO Running job Every 1 minute do job2() (last run: 2020-11-12 15:01:16, next run: 2020-11-12 15:02:16)
2020-11-12 15:03 INFO Running job Every 1 minute do job2() (last run: 2020-11-12 15:02:16, next run: 2020-11-12 15:03:16)
2020-11-12 15:04 INFO Running job Every 1 minute do job2() (last run: 2020-11-12 15:03:16, next run: 2020-11-12 15:04:16)
2020-11-12 15:05 INFO Running job Every 1 minute do job2() (last run: 2020-11-12 15:04:17, next run: 2020-11-12 15:05:17)
2020-11-12 15:06 INFO Running job Every 1 minute do job2() (last run: 2020-11-12 15:05:17, next run: 2020-11-12 15:06:17)
2020-11-12 15:07 INFO Running job Every 1 minute do job2() (last run: 2020-11-12 15:06:17, next run: 2020-11-12 15:07:17)
2020-11-12 15:08 INFO Running job Every 1 minute do job2() (last run: 2020-11-12 15:07:17, next run: 2020-11-12 15:08:17)
2020-11-12 15:09 INFO Running job Every 1 minute do job2() (last run: 2020-11-12 15:08:17, next run: 2020-11-12 15:09:17)
2020-11-12 15:10 INFO Running job Every 1 minute do job2() (last run: 2020-11-12 15:09:17, next run: 2020-11-12 15:10:17)
2020-11-12 15:11 INFO Running job Every 1 minute do job2() (last run: 2020-11-12 15:10:17, next run: 2020-11-12 15:11:17)
2020-11-12 15:12 INFO Running job Every 1 minute do job2() (last run: 2020-11-12 15:11:17, next run: 2020-11-12 15:12:17)
2020-11-12 15:13 INFO Running job Every 1 minute do job2() (last run: 2020-11-12 15:12:17, next run: 2020-11-12 15:13:17)
2020-11-12 15:14 INFO Running job Every 1 minute do job2() (last run: 2020-11-12 15:13:17, next run: 2020-11-12 15:14:17)
2020-11-12 15:15 INFO Running job Every 1 minute do job2() (last run: 2020-11-12 15:14:17, next run: 2020-11-12 15:15:17)
2020-11-12 15:16 INFO Running job Every 1 minute do job2() (last run: 2020-11-12 15:15:17, next run: 2020-11-12 15:16:17)
2020-11-12 15:17 INFO Running job Every 1 minute do job2() (last run: 2020-11-12 15:16:17, next run: 2020-11-12 15:17:17)
2020-11-12 15:18 INFO Running job Every 1 minute do job2() (last run: 2020-11-12 15:17:17, next run: 2020-11-12 15:18:17)
2020-11-12 15:19 INFO Running job Every 1 minute do job2() (last run: 2020-11-12 15:18:17, next run: 2020-11-12 15:19:17)
2020-11-12 15:20 INFO Running job Every 1 minute do job2() (last run: 2020-11-12 15:19:17, next run: 2020-11-12 15:20:17)
2020-11-12 15:21 INFO Running job Every 1 minute do job2() (last run: 2020-11-12 15:20:17, next run: 2020-11-12 15:21:17)
2020-11-12 15:22 INFO Running job Every 1 minute do job2() (last run: 2020-11-12 15:21:17, next run: 2020-11-12 15:22:17)
2020-11-12 15:23 INFO Running job Every 1 minute do job2() (last run: 2020-11-12 15:22:17, next run: 2020-11-12 15:23:17)
2020-11-12 15:24 INFO Running job Every 1 minute do job2() (last run: 2020-11-12 15:23:17, next run: 2020-11-12 15:24:17)
2020-11-12 15:25 INFO Running job Every 1 minute do job2() (last run: 2020-11-12 15:24:17, next run: 2020-11-12 15:25:17)
2020-11-12 15:26 INFO Running job Every 1 minute do job2() (last run: 2020-11-12 15:25:17, next run: 2020-11-12 15:26:17)
2020-11-12 15:27 INFO Running job Every 1 minute do job2() (last run: 2020-11-12 15:26:17, next run: 2020-11-12 15:27:17)
2020-11-12 15:28 INFO Running job Every 1 minute do job2() (last run: 2020-11-12 15:27:17, next run: 2020-11-12 15:28:17)
2020-11-12 15:29 INFO Running job Every 1 minute do job2() (last run: 2020-11-12 15:28:17, next run: 2020-11-12 15:29:17)
2020-11-12 15:30 INFO Running job Every 1 minute do job2() (last run: 2020-11-12 15:29:17, next run: 2020-11-12 15:30:17)
2020-11-12 15:31 INFO Running job Every 1 minute do job2() (last run: 2020-11-12 15:30:17, next run: 2020-11-12 15:31:17)
2020-11-12 15:32 INFO Running job Every 1 minute do job2() (last run: 2020-11-12 15:31:17, next run: 2020-11-12 15:32:17)
2020-11-12 15:33 INFO Running job Every 1 minute do job2() (last run: 2020-11-12 15:32:17, next run: 2020-11-12 15:33:17)
2020-11-12 15:34 INFO Running job Every 1 minute do job2() (last run: 2020-11-12 15:33:17, next run: 2020-11-12 15:34:17)
2020-11-12 15:35 INFO Running job Every 1 minute do job2() (last run: 2020-11-12 15:34:17, next run: 2020-11-12 15:35:17)
2020-11-12 15:36 INFO Running job Every 1 minute do job2() (last run: 2020-11-12 15:35:17, next run: 2020-11-12 15:36:17)
2020-11-12 15:37 INFO Running job Every 1 minute do job2() (last run: 2020-11-12 15:36:17, next run: 2020-11-12 15:37:17)
2020-11-12 15:38 INFO Running job Every 1 minute do job2() (last run: 2020-11-12 15:37:17, next run: 2020-11-12 15:38:17)
2020-11-12 15:39 INFO Running job Every 1 minute do job2() (last run: 2020-11-12 15:38:17, next run: 2020-11-12 15:39:17)
2020-11-12 15:40 INFO Running job Every 1 minute do job2() (last run: 2020-11-12 15:39:17, next run: 2020-11-12 15:40:17)
2020-11-12 15:41 INFO Running job Every 1 minute do job2() (last run: 2020-11-12 15:40:17, next run: 2020-11-12 15:41:17)
2020-11-12 15:42 INFO Running job Every 1 minute do job2() (last run: 2020-11-12 15:41:17, next run: 2020-11-12 15:42:17)
2020-11-12 15:43 INFO Running job Every 1 minute do job2() (last run: 2020-11-12 15:42:17, next run: 2020-11-12 15:43:17)
2020-11-12 15:44 INFO Running job Every 1 minute do job2() (last run: 2020-11-12 15:43:17, next run: 2020-11-12 15:44:17)
2020-11-12 15:45 INFO Running job Every 1 minute do job2() (last run: 2020-11-12 15:44:17, next run: 2020-11-12 15:45:17)
2020-11-12 15:46 INFO Running job Every 1 minute do job2() (last run: 2020-11-12 15:45:17, next run: 2020-11-12 15:46:17)
2020-11-12 15:47 INFO Running job Every 1 minute do job2() (last run: 2020-11-12 15:46:17, next run: 2020-11-12 15:47:17)
2020-11-12 15:48 INFO Running job Every 1 minute do job2() (last run: 2020-11-12 15:47:17, next run: 2020-11-12 15:48:17)
2020-11-12 15:49 INFO Running job Every 1 minute do job2() (last run: 2020-11-12 15:48:17, next run: 2020-11-12 15:49:17)
2020-11-12 15:50 INFO Running job Every 1 minute do job2() (last run: 2020-11-12 15:49:17, next run: 2020-11-12 15:50:17)
2020-11-12 15:51 INFO Running job Every 1 minute do job2() (last run: 2020-11-12 15:50:17, next run: 2020-11-12 15:51:17)
2020-11-12 15:52 INFO Running job Every 1 minute do job2() (last run: 2020-11-12 15:51:17, next run: 2020-11-12 15:52:17)
2020-11-12 15:53 INFO Running job Every 1 minute do job2() (last run: 2020-11-12 15:52:17, next run: 2020-11-12 15:53:17)
2020-11-12 15:54 INFO Running job Every 1 minute do job2() (last run: 2020-11-12 15:53:17, next run: 2020-11-12 15:54:17)
2020-11-12 15:55 INFO Running job Every 1 minute do job2() (last run: 2020-11-12 15:54:17, next run: 2020-11-12 15:55:17)
2020-11-12 15:56 INFO Running job Every 1 minute do job2() (last run: 2020-11-12 15:55:17, next run: 2020-11-12 15:56:17)
2020-11-12 15:57 INFO Running job Every 1 minute do job2() (last run: 2020-11-12 15:56:17, next run: 2020-11-12 15:57:17)
2020-11-12 15:58 INFO Running job Every 1 minute do job2() (last run: 2020-11-12 15:57:17, next run: 2020-11-12 15:58:17)
2020-11-12 15:59 INFO Running job Every 1 minute do job2() (last run: 2020-11-12 15:58:17, next run: 2020-11-12 15:59:17)
2020-11-12 16:00 INFO Running job Every 1 minute do job2() (last run: 2020-11-12 15:59:17, next run: 2020-11-12 16:00:17)
2020-11-12 16:01 INFO Running job Every 1 minute do job2() (last run: 2020-11-12 16:00:17, next run: 2020-11-12 16:01:17)
2020-11-12 16:02 INFO Running job Every 1 minute do job2() (last run: 2020-11-12 16:01:17, next run: 2020-11-12 16:02:17)
2020-11-12 16:03 INFO Running job Every 1 minute do job2() (last run: 2020-11-12 16:02:17, next run: 2020-11-12 16:03:17)
2020-11-12 16:04 INFO Running job Every 1 minute do job2() (last run: 2020-11-12 16:03:17, next run: 2020-11-12 16:04:17)
2020-11-12 16:05 INFO Running job Every 1 minute do job2() (last run: 2020-11-12 16:04:17, next run: 2020-11-12 16:05:17)
2020-11-12 16:06 INFO Running job Every 1 minute do job2() (last run: 2020-11-12 16:05:17, next run: 2020-11-12 16:06:17)
2020-11-12 16:07 INFO Running job Every 1 minute do job2() (last run: 2020-11-12 16:06:17, next run: 2020-11-12 16:07:17)
2020-11-12 16:08 INFO Running job Every 1 minute do job2() (last run: 2020-11-12 16:07:17, next run: 2020-11-12 16:08:17)
2020-11-12 16:09 INFO Running job Every 1 minute do job2() (last run: 2020-11-12 16:08:17, next run: 2020-11-12 16:09:17)
2020-11-12 16:10 INFO Running job Every 1 minute do job2() (last run: 2020-11-12 16:09:17, next run: 2020-11-12 16:10:17)
2020-11-12 16:11 INFO Running job Every 1 minute do job2() (last run: 2020-11-12 16:10:17, next run: 2020-11-12 16:11:17)
2020-11-12 16:12 INFO Running job Every 1 minute do job2() (last run: 2020-11-12 16:11:17, next run: 2020-11-12 16:12:17)
2020-11-12 16:13 INFO Running job Every 1 minute do job2() (last run: 2020-11-12 16:12:17, next run: 2020-11-12 16:13:17)
2020-11-12 16:14 INFO Running job Every 1 minute do job2() (last run: 2020-11-12 16:13:17, next run: 2020-11-12 16:14:17)
2020-11-12 16:15 INFO Running job Every 1 minute do job2() (last run: 2020-11-12 16:14:17, next run: 2020-11-12 16:15:17)
2020-11-12 16:16 INFO Running job Every 1 minute do job2() (last run: 2020-11-12 16:15:17, next run: 2020-11-12 16:16:17)
2020-11-12 16:17 INFO Running job Every 1 minute do job2() (last run: 2020-11-12 16:16:17, next run: 2020-11-12 16:17:17)
2020-11-12 16:18 INFO Running job Every 1 minute do job2() (last run: 2020-11-12 16:17:17, next run: 2020-11-12 16:18:17)
2020-11-12 16:19 INFO Running job Every 1 minute do job2() (last run: 2020-11-12 16:18:17, next run: 2020-11-12 16:19:17)
2020-11-12 16:20 INFO Running job Every 1 minute do job2() (last run: 2020-11-12 16:19:17, next run: 2020-11-12 16:20:17)
2020-11-12 16:21 INFO Running job Every 1 minute do job2() (last run: 2020-11-12 16:20:17, next run: 2020-11-12 16:21:17)
2020-11-12 16:22 INFO Running job Every 1 minute do job2() (last run: 2020-11-12 16:21:17, next run: 2020-11-12 16:22:17)
2020-11-12 16:23 INFO Running job Every 1 minute do job2() (last run: 2020-11-12 16:22:18, next run: 2020-11-12 16:23:18)
2020-11-12 16:24 INFO Running job Every 1 minute do job2() (last run: 2020-11-12 16:23:18, next run: 2020-11-12 16:24:18)
2020-11-12 16:25 INFO Running job Every 1 minute do job2() (last run: 2020-11-12 16:24:18, next run: 2020-11-12 16:25:18)
2020-11-12 16:26 INFO Running job Every 1 minute do job2() (last run: 2020-11-12 16:25:18, next run: 2020-11-12 16:26:18)
2020-11-12 16:27 INFO Running job Every 1 minute do job2() (last run: 2020-11-12 16:26:18, next run: 2020-11-12 16:27:18)
2020-11-12 16:28 INFO Running job Every 1 minute do job2() (last run: 2020-11-12 16:27:18, next run: 2020-11-12 16:28:18)
2020-11-12 16:29 INFO Running job Every 1 minute do job2() (last run: 2020-11-12 16:28:18, next run: 2020-11-12 16:29:18)
2020-11-12 16:30 INFO Running job Every 1 minute do job2() (last run: 2020-11-12 16:29:18, next run: 2020-11-12 16:30:18)
2020-11-12 16:31 INFO Running job Every 1 minute do job2() (last run: 2020-11-12 16:30:18, next run: 2020-11-12 16:31:18)
2020-11-12 16:32 INFO Running job Every 1 minute do job2() (last run: 2020-11-12 16:31:18, next run: 2020-11-12 16:32:18)
2020-11-12 16:33 INFO Running job Every 1 minute do job2() (last run: 2020-11-12 16:32:18, next run: 2020-11-12 16:33:18)
2020-11-12 16:34 INFO Running job Every 1 minute do job2() (last run: 2020-11-12 16:33:18, next run: 2020-11-12 16:34:18)
2020-11-12 16:35 INFO Running job Every 1 minute do job2() (last run: 2020-11-12 16:34:18, next run: 2020-11-12 16:35:18)
2020-11-12 16:36 INFO Running job Every 1 minute do job2() (last run: 2020-11-12 16:35:18, next run: 2020-11-12 16:36:18)
2020-11-12 16:37 INFO Running job Every 1 minute do job2() (last run: 2020-11-12 16:36:18, next run: 2020-11-12 16:37:18)
2020-11-12 16:38 INFO Running job Every 1 minute do job2() (last run: 2020-11-12 16:37:18, next run: 2020-11-12 16:38:18)
2020-11-12 16:39 INFO Running job Every 1 minute do job2() (last run: 2020-11-12 16:38:18, next run: 2020-11-12 16:39:18)
2020-11-12 16:40 INFO Running job Every 1 minute do job2() (last run: 2020-11-12 16:39:18, next run: 2020-11-12 16:40:18)
2020-11-12 16:41 INFO Running job Every 1 minute do job2() (last run: 2020-11-12 16:40:18, next run: 2020-11-12 16:41:18)
2020-11-12 16:42 INFO Running job Every 1 minute do job2() (last run: 2020-11-12 16:41:18, next run: 2020-11-12 16:42:18)
2020-11-12 16:43 INFO Running job Every 1 minute do job2() (last run: 2020-11-12 16:42:18, next run: 2020-11-12 16:43:18)
2020-11-12 16:44 INFO Running job Every 1 minute do job2() (last run: 2020-11-12 16:43:18, next run: 2020-11-12 16:44:18)
2020-11-12 16:45 INFO Running job Every 1 minute do job2() (last run: 2020-11-12 16:44:18, next run: 2020-11-12 16:45:18)
2020-11-12 16:46 INFO Running job Every 1 minute do job2() (last run: 2020-11-12 16:45:18, next run: 2020-11-12 16:46:18)
2020-11-12 16:47 INFO Running job Every 1 minute do job2() (last run: 2020-11-12 16:46:18, next run: 2020-11-12 16:47:18)
2020-11-12 16:48 INFO Running job Every 1 minute do job2() (last run: 2020-11-12 16:47:18, next run: 2020-11-12 16:48:18)
2020-11-12 16:49 INFO Running job Every 1 minute do job2() (last run: 2020-11-12 16:48:18, next run: 2020-11-12 16:49:18)
2020-11-12 16:50 INFO Running job Every 1 minute do job2() (last run: 2020-11-12 16:49:18, next run: 2020-11-12 16:50:18)
2020-11-12 16:51 INFO Running job Every 1 minute do job2() (last run: 2020-11-12 16:50:18, next run: 2020-11-12 16:51:18)
2020-11-12 16:52 INFO Running job Every 1 minute do job2() (last run: 2020-11-12 16:51:18, next run: 2020-11-12 16:52:18)
2020-11-12 16:53 INFO Running job Every 1 minute do job2() (last run: 2020-11-12 16:52:18, next run: 2020-11-12 16:53:18)
2020-11-12 16:54 INFO Running job Every 1 minute do job2() (last run: 2020-11-12 16:53:18, next run: 2020-11-12 16:54:18)
2020-11-12 16:55 INFO Running job Every 1 minute do job2() (last run: 2020-11-12 16:54:18, next run: 2020-11-12 16:55:18)
2020-11-12 16:56 INFO Running job Every 1 minute do job2() (last run: 2020-11-12 16:55:18, next run: 2020-11-12 16:56:18)
2020-11-12 16:57 INFO Running job Every 1 minute do job2() (last run: 2020-11-12 16:56:18, next run: 2020-11-12 16:57:18)
2020-11-12 16:58 INFO Running job Every 1 minute do job2() (last run: 2020-11-12 16:57:18, next run: 2020-11-12 16:58:18)
2020-11-12 16:59 INFO Running job Every 1 minute do job2() (last run: 2020-11-12 16:58:18, next run: 2020-11-12 16:59:18)
2020-11-12 17:00 INFO Running job Every 1 minute do job2() (last run: 2020-11-12 16:59:18, next run: 2020-11-12 17:00:18)
2020-11-12 17:01 INFO Running job Every 1 minute do job2() (last run: 2020-11-12 17:00:18, next run: 2020-11-12 17:01:18)
2020-11-12 17:02 INFO Running job Every 1 minute do job2() (last run: 2020-11-12 17:01:18, next run: 2020-11-12 17:02:18)
2020-11-12 17:03 INFO Running job Every 1 minute do job2() (last run: 2020-11-12 17:02:18, next run: 2020-11-12 17:03:18)
2020-11-12 17:04 INFO Running job Every 1 minute do job2() (last run: 2020-11-12 17:03:18, next run: 2020-11-12 17:04:18)
2020-11-12 17:05 INFO Running job Every 1 minute do job2() (last run: 2020-11-12 17:04:18, next run: 2020-11-12 17:05:18)
2020-11-12 17:06 INFO Running job Every 1 minute do job2() (last run: 2020-11-12 17:05:18, next run: 2020-11-12 17:06:18)
2020-11-12 17:07 INFO Running job Every 1 minute do job2() (last run: 2020-11-12 17:06:18, next run: 2020-11-12 17:07:18)
2020-11-12 17:08 INFO Running job Every 1 minute do job2() (last run: 2020-11-12 17:07:18, next run: 2020-11-12 17:08:18)
2020-11-12 17:09 INFO Running job Every 1 minute do job2() (last run: 2020-11-12 17:08:18, next run: 2020-11-12 17:09:18)
2020-11-12 17:10 INFO Running job Every 1 minute do job2() (last run: 2020-11-12 17:09:18, next run: 2020-11-12 17:10:18)
2020-11-12 17:11 INFO Running job Every 1 minute do job2() (last run: 2020-11-12 17:10:18, next run: 2020-11-12 17:11:18)
2020-11-12 17:12 INFO Running job Every 1 minute do job2() (last run: 2020-11-12 17:11:18, next run: 2020-11-12 17:12:18)
2020-11-12 17:13 INFO Running job Every 1 minute do job2() (last run: 2020-11-12 17:12:18, next run: 2020-11-12 17:13:18)
2020-11-12 17:14 INFO Running job Every 1 minute do job2() (last run: 2020-11-12 17:13:18, next run: 2020-11-12 17:14:18)
2020-11-12 17:15 INFO Running job Every 1 minute do job2() (last run: 2020-11-12 17:14:18, next run: 2020-11-12 17:15:18)
2020-11-12 17:16 INFO Running job Every 1 minute do job2() (last run: 2020-11-12 17:15:18, next run: 2020-11-12 17:16:18)
2020-11-12 17:17 INFO Running job Every 1 minute do job2() (last run: 2020-11-12 17:16:18, next run: 2020-11-12 17:17:18)
2020-11-12 17:18 INFO Running job Every 1 minute do job2() (last run: 2020-11-12 17:17:18, next run: 2020-11-12 17:18:18)
2020-11-12 17:19 INFO Running job Every 1 minute do job2() (last run: 2020-11-12 17:18:18, next run: 2020-11-12 17:19:18)
2020-11-12 17:20 INFO Running job Every 1 minute do job2() (last run: 2020-11-12 17:19:18, next run: 2020-11-12 17:20:18)
2020-11-12 17:21 INFO Running job Every 1 minute do job2() (last run: 2020-11-12 17:20:18, next run: 2020-11-12 17:21:18)
2020-11-12 17:22 INFO Running job Every 1 minute do job2() (last run: 2020-11-12 17:21:18, next run: 2020-11-12 17:22:18)
2020-11-12 17:23 INFO Running job Every 1 minute do job2() (last run: 2020-11-12 17:22:18, next run: 2020-11-12 17:23:18)
2020-11-12 17:24 INFO Running job Every 1 minute do job2() (last run: 2020-11-12 17:23:18, next run: 2020-11-12 17:24:18)
2020-11-12 17:25 INFO Running job Every 1 minute do job2() (last run: 2020-11-12 17:24:18, next run: 2020-11-12 17:25:18)
2020-11-12 17:26 INFO Running job Every 1 minute do job2() (last run: 2020-11-12 17:25:18, next run: 2020-11-12 17:26:18)
2020-11-12 17:27 INFO Running job Every 1 minute do job2() (last run: 2020-11-12 17:26:18, next run: 2020-11-12 17:27:18)
2020-11-12 17:28 INFO Running job Every 1 minute do job2() (last run: 2020-11-12 17:27:18, next run: 2020-11-12 17:28:18)
2020-11-12 17:29 INFO Running job Every 1 minute do job2() (last run: 2020-11-12 17:28:18, next run: 2020-11-12 17:29:18)
2020-11-12 17:30 INFO Running job Every 1 minute do job2() (last run: 2020-11-12 17:29:18, next run: 2020-11-12 17:30:18)
2020-11-12 17:31 INFO Running job Every 1 minute do job2() (last run: 2020-11-12 17:30:18, next run: 2020-11-12 17:31:18)
2020-11-12 17:32 INFO Running job Every 1 minute do job2() (last run: 2020-11-12 17:31:18, next run: 2020-11-12 17:32:18)
2020-11-12 17:33 INFO Running job Every 1 minute do job2() (last run: 2020-11-12 17:32:18, next run: 2020-11-12 17:33:18)
2020-11-12 17:34 INFO Running job Every 1 minute do job2() (last run: 2020-11-12 17:33:18, next run: 2020-11-12 17:34:18)
2020-11-12 17:35 INFO Running job Every 1 minute do job2() (last run: 2020-11-12 17:34:18, next run: 2020-11-12 17:35:18)
2020-11-12 17:36 INFO Running job Every 1 minute do job2() (last run: 2020-11-12 17:35:18, next run: 2020-11-12 17:36:18)
2020-11-12 17:37 INFO Running job Every 1 minute do job2() (last run: 2020-11-12 17:36:18, next run: 2020-11-12 17:37:18)
2020-11-12 17:38 INFO Running job Every 1 minute do job2() (last run: 2020-11-12 17:37:18, next run: 2020-11-12 17:38:18)
2020-11-12 17:39 INFO Running job Every 1 minute do job2() (last run: 2020-11-12 17:38:18, next run: 2020-11-12 17:39:18)
2020-11-12 17:40 INFO Running job Every 1 minute do job2() (last run: 2020-11-12 17:39:18, next run: 2020-11-12 17:40:18)
2020-11-12 17:41 INFO Running job Every 1 minute do job2() (last run: 2020-11-12 17:40:18, next run: 2020-11-12 17:41:18)
2020-11-12 17:41 DEBUG Starting new HTTPS connection (1): raw.githubusercontent.com:443
2020-11-12 17:41 DEBUG https://raw.githubusercontent.com:443 "GET /abel108714/test/master/1101_1112%E7%B6%B2%E9%80%9A%E7%9B%AE%E6%A8%99%E9%81%94%E6%88%90%E6%AF%94.jpg HTTP/1.1" 200 46880
2020-11-12 17:41 INFO https://raw.githubusercontent.com/abel108714/test/master/1101_1112網通目標達成比.jpg
2020-11-12 17:41 DEBUG Starting new HTTPS connection (1): api.line.me:443
2020-11-12 17:41 DEBUG https://api.line.me:443 "POST /v2/bot/message/push HTTP/1.1" 200 22
2020-11-12 17:42 INFO Running job Every 1 minute do job2() (last run: 2020-11-12 17:41:28, next run: 2020-11-12 17:42:28)
2020-11-12 17:43 INFO Running job Every 1 minute do job2() (last run: 2020-11-12 17:42:28, next run: 2020-11-12 17:43:28)
2020-11-12 17:44 INFO Running job Every 1 minute do job2() (last run: 2020-11-12 17:43:28, next run: 2020-11-12 17:44:28)
2020-11-12 17:45 INFO Running job Every 1 minute do job2() (last run: 2020-11-12 17:44:28, next run: 2020-11-12 17:45:28)
2020-11-12 17:46 INFO Running job Every 1 minute do job2() (last run: 2020-11-12 17:45:28, next run: 2020-11-12 17:46:28)
2020-11-12 17:47 INFO Running job Every 1 minute do job2() (last run: 2020-11-12 17:46:28, next run: 2020-11-12 17:47:28)
2020-11-12 17:47 DEBUG Starting new HTTPS connection (1): raw.githubusercontent.com:443
2020-11-12 17:47 DEBUG https://raw.githubusercontent.com:443 "GET /abel108714/test/master/1101_1112%E7%B6%B2%E9%80%9A%E7%9B%AE%E6%A8%99%E9%81%94%E6%88%90%E6%AF%94.jpg HTTP/1.1" 200 46880
2020-11-12 17:47 INFO https://raw.githubusercontent.com/abel108714/test/master/1101_1112網通目標達成比.jpg
2020-11-12 17:47 DEBUG Starting new HTTPS connection (1): api.line.me:443
2020-11-12 17:47 DEBUG https://api.line.me:443 "POST /v2/bot/message/push HTTP/1.1" 400 37
2020-11-12 17:47 ERROR Exception on /callback [POST]
Traceback (most recent call last):
  File "C:\Users\udev77\djangogirls\djangogirls_venv\lib\site-packages\flask\app.py", line 2447, in wsgi_app
    response = self.full_dispatch_request()
  File "C:\Users\udev77\djangogirls\djangogirls_venv\lib\site-packages\flask\app.py", line 1952, in full_dispatch_request
    rv = self.handle_user_exception(e)
  File "C:\Users\udev77\djangogirls\djangogirls_venv\lib\site-packages\flask\app.py", line 1821, in handle_user_exception
    reraise(exc_type, exc_value, tb)
  File "C:\Users\udev77\djangogirls\djangogirls_venv\lib\site-packages\flask\_compat.py", line 39, in reraise
    raise value
  File "C:\Users\udev77\djangogirls\djangogirls_venv\lib\site-packages\flask\app.py", line 1950, in full_dispatch_request
    rv = self.dispatch_request()
  File "C:\Users\udev77\djangogirls\djangogirls_venv\lib\site-packages\flask\app.py", line 1936, in dispatch_request
    return self.view_functions[rule.endpoint](**req.view_args)
  File "app.py", line 250, in callback
    handler.handle(body,signature)
  File "C:\Users\udev77\djangogirls\djangogirls_venv\lib\site-packages\linebot\webhook.py", line 256, in handle
    self.__invoke_func(func, event, payload)
  File "C:\Users\udev77\djangogirls\djangogirls_venv\lib\site-packages\linebot\webhook.py", line 268, in __invoke_func
    func(event)
  File "app.py", line 543, in handle_message
    schedule.run_pending()
  File "C:\Users\udev77\djangogirls\djangogirls_venv\lib\site-packages\schedule\__init__.py", line 563, in run_pending
    default_scheduler.run_pending()
  File "C:\Users\udev77\djangogirls\djangogirls_venv\lib\site-packages\schedule\__init__.py", line 94, in run_pending
    self._run_job(job)
  File "C:\Users\udev77\djangogirls\djangogirls_venv\lib\site-packages\schedule\__init__.py", line 147, in _run_job
    ret = job.run()
  File "C:\Users\udev77\djangogirls\djangogirls_venv\lib\site-packages\schedule\__init__.py", line 466, in run
    ret = self.job_func()
  File "app.py", line 205, in job2
    line_bot_api.push_message("C5fd1c0d2f75eb01ad8935d719076012b", OCPerformanceReport())
  File "C:\Users\udev77\djangogirls\djangogirls_venv\lib\site-packages\linebot\api.py", line 148, in push_message
    '/v2/bot/message/push', data=json.dumps(data), timeout=timeout
  File "C:\Users\udev77\djangogirls\djangogirls_venv\lib\site-packages\linebot\api.py", line 1153, in _post
    self.__check_error(response)
  File "C:\Users\udev77\djangogirls\djangogirls_venv\lib\site-packages\linebot\api.py", line 1180, in __check_error
    error=Error.new_from_json_dict(response.json)
linebot.exceptions.LineBotApiError: LineBotApiError: status_code=400, request_id=2285970a-02af-44f8-890e-d7416f04f5a8, error_response={"details": [], "message": "Failed to send messages"}, headers={'Server': 'openresty', 'Content-Type': 'application/json', 'x-line-request-id': '2285970a-02af-44f8-890e-d7416f04f5a8', 'x-content-type-options': 'nosniff', 'x-xss-protection': '1; mode=block', 'x-frame-options': 'DENY', 'Content-Length': '37', 'Expires': 'Thu, 12 Nov 2020 09:47:29 GMT', 'Cache-Control': 'max-age=0, no-cache, no-store', 'Pragma': 'no-cache', 'Date': 'Thu, 12 Nov 2020 09:47:29 GMT', 'Connection': 'close'}
2020-11-12 17:47 INFO 127.0.0.1 - - [12/Nov/2020 17:47:31] "[35m[1mPOST /callback HTTP/1.1[0m" 500 -
2020-11-12 18:17 INFO Request body: {"events":[{"type":"message","replyToken":"25353ccbfbf44167a7c354e791afc80a","source":{"groupId":"Caa547d0a89e353969160556a34444c64","userId":"U3c77f40434fa99e97e2f6e9cfb6ff0f6","type":"group"},"timestamp":1605176224757,"mode":"active","message":{"type":"text","id":"13017958615508","text":"大家好, \n12月份申請二堂教育訓練課程, 雙12大直播在總公司-梧棲-養生苑  \n請參考以下課程，請盡早報名喔！ 謝謝您\n\n12/4 （五) 律動課程-王院長  \n地點：總公司-梧棲-養生苑\n 時間： 19:00-21:00  (2小時) \n 律動 遠紅外線 雙12大直播 （河北）\n \n12/11 （五) 律動課程-王院長  \n地點：總公司-梧棲-養生院\n時間： 19:00-21:00  (2小時) \n 律動 遠紅外線 雙12大直播 （上海）\n"}}],"destination":"U8ec81edfb39499a39625be8c3e335ce0"}
2020-11-12 18:17 INFO 127.0.0.1 - - [12/Nov/2020 18:17:06] "[37mPOST /callback HTTP/1.1[0m" 200 -
